<?xml version="1.0" encoding="UTF-8"?>
<!-- Generated by org.testng.reporters.JUnitReportReporter -->
<testsuite skipped="0" hostname="DESKTOP-830DPVD" name="savita.TC_08Test" tests="1" failures="0" timestamp="2021-08-30T09:45:14 EDT" time="2.358" errors="0">
  <testcase name="addProductToCart" time="2.358" classname="savita.TC_08Test"/>
  <system-out>
product page is displayed Shopping cart page is displayed with product  </system-out>
</testsuite> <!-- savita.TC_08Test -->
