<?xml version="1.0" encoding="UTF-8"?>
<!-- Generated by org.testng.reporters.JUnitReportReporter -->
<testsuite skipped="0" hostname="DESKTOP-830DPVD" name="swarna.TC_11Test" tests="1" failures="0" timestamp="2021-08-28T20:47:32 EDT" time="2.313" errors="0">
  <testcase name="loginWithInvalidCredentials" time="2.313" classname="swarna.TC_11Test"/>
  <system-out>
Loginpage displayed Successfully entered invalid email id entered invalid passowrd  </system-out>
</testsuite> <!-- swarna.TC_11Test -->
