<?xml version="1.0" encoding="UTF-8"?>
<!-- Generated by org.testng.reporters.JUnitReportReporter -->
<testsuite skipped="0" hostname="DESKTOP-830DPVD" name="istiyak.TC_05Test" tests="1" failures="0" timestamp="2021-08-30T09:39:50 EDT" time="2.586" errors="0">
  <testcase name="toLoginWithValidCredentials" time="2.586" classname="istiyak.TC_05Test"/>
  <system-out>
login successfully with valid user name and password  </system-out>
</testsuite> <!-- istiyak.TC_05Test -->
