<?xml version="1.0" encoding="UTF-8"?>
<!-- Generated by org.testng.reporters.JUnitReportReporter -->
<testsuite skipped="0" hostname="DESKTOP-830DPVD" name="swarna.TC_11Test" tests="1" failures="0" timestamp="2021-08-28T17:44:36 EDT" time="0.010" errors="0">
  <testcase name="loginWithInvalidCredentials" time="0.010" classname="swarna.TC_11Test"/>
  <system-out>
hii  </system-out>
</testsuite> <!-- swarna.TC_11Test -->
