<?xml version="1.0" encoding="UTF-8"?>
<!-- Generated by org.testng.reporters.JUnitReportReporter -->
<testsuite skipped="0" hostname="DESKTOP-830DPVD" name="ambika.TC_02Test" tests="1" failures="0" timestamp="2021-08-30T09:57:40 EDT" time="4.846" errors="0">
  <testcase name="CartPage" time="4.846" classname="ambika.TC_02Test"/>
  <system-out>
homepage is displayed succeesfully product page is displayed Cart page is displayed successfully Cart page is displayed successfully  </system-out>
</testsuite> <!-- ambika.TC_02Test -->
