<?xml version="1.0" encoding="UTF-8"?>
<!-- Generated by org.testng.reporters.JUnitReportReporter -->
<testsuite skipped="0" hostname="DESKTOP-830DPVD" name="sowmya.TC_10Test" tests="1" failures="0" timestamp="2021-08-30T09:46:34 EDT" time="1.811" errors="0">
  <testcase name="contactUs" time="1.811" classname="sowmya.TC_10Test"/>
  <system-out>
ContactUs page is displayed Submit the Enquiry details  </system-out>
</testsuite> <!-- sowmya.TC_10Test -->
