<?xml version="1.0" encoding="UTF-8"?>
<!-- Generated by org.testng.reporters.JUnitReportReporter -->
<testsuite skipped="0" hostname="DESKTOP-830DPVD" name="swarna.TC_12Test" tests="1" failures="0" timestamp="2021-08-30T14:36:07 EDT" time="5.139" errors="0">
  <testcase name="toCheckout" time="5.139" classname="swarna.TC_12Test"/>
  <system-out>
Valiod email id entered Successfully valid password Successfully Homepage displayed Successfully Cart page is displayed Successfully Product is displayed successfully User Checked out successfully  </system-out>
</testsuite> <!-- swarna.TC_12Test -->
