<?xml version="1.0" encoding="UTF-8"?>
<!-- Generated by org.testng.reporters.JUnitReportReporter -->
<testsuite skipped="0" hostname="DESKTOP-830DPVD" name="sowmya.TC_09Test" tests="1" failures="0" timestamp="2021-08-30T09:45:52 EDT" time="3.952" errors="0">
  <testcase name="regitration" time="3.952" classname="sowmya.TC_09Test"/>
  <system-out>
Register Page is dispalyed Continue Page is displayed Home Page is displayed  </system-out>
</testsuite> <!-- sowmya.TC_09Test -->
