<?xml version="1.0" encoding="UTF-8"?>
<!-- Generated by org.testng.reporters.JUnitReportReporter -->
<testsuite skipped="0" hostname="DESKTOP-830DPVD" name="ashwini.TC_03Test" tests="1" failures="0" timestamp="2021-08-30T09:38:44 EDT" time="2.388" errors="0">
  <testcase name="addProductToCart" time="2.388" classname="ashwini.TC_03Test"/>
  <system-out>
Search page is displayed successfully Cart page is displayed successfully Product is present in the cart  </system-out>
</testsuite> <!-- ashwini.TC_03Test -->
