<?xml version="1.0" encoding="UTF-8"?>
<!-- Generated by org.testng.reporters.JUnitReportReporter -->
<testsuite skipped="0" hostname="DESKTOP-830DPVD" name="ashwini.TC_04Test" tests="1" failures="0" timestamp="2021-08-30T09:39:15 EDT" time="6.543" errors="0">
  <testcase name="removeAllproductAtATime" time="6.543" classname="ashwini.TC_04Test"/>
  <system-out>
Search page is displayed successfully Search page is displayed successfully Search page is displayed successfully Cart page is displayed successfully Product Is Successfully Removed From The Cart Page  </system-out>
</testsuite> <!-- ashwini.TC_04Test -->
