<?xml version="1.0" encoding="UTF-8"?>
<!-- Generated by org.testng.reporters.JUnitReportReporter -->
<testsuite skipped="0" hostname="DESKTOP-830DPVD" name="vijay.TC_14Test" tests="1" failures="0" timestamp="2021-08-30T09:50:54 EDT" time="3.507" errors="0">
  <testcase name="RemoveFromCart" time="3.507" classname="vijay.TC_14Test"/>
  <system-out>
Search Page is displayed successfully Product is added to CartPage Successfully CartPage Is Displayed Successfully Product is Present in the CartPage Product Is Successfully Removed From The Cart Page  </system-out>
</testsuite> <!-- vijay.TC_14Test -->
