<?xml version="1.0" encoding="UTF-8"?>
<!-- Generated by org.testng.reporters.JUnitReportReporter -->
<testsuite skipped="0" hostname="DESKTOP-830DPVD" name="vijay.TC_13Test" tests="1" failures="0" timestamp="2021-08-30T09:49:43 EDT" time="1.929" errors="0">
  <testcase name="LoginValidation" time="1.929" classname="vijay.TC_13Test"/>
  <system-out>
LoginPage is displayed successfully ErrorMessage is displayed correctly  </system-out>
</testsuite> <!-- vijay.TC_13Test -->
