<?xml version="1.0" encoding="UTF-8"?>
<!-- Generated by org.testng.reporters.JUnitReportReporter -->
<testsuite skipped="0" hostname="DESKTOP-830DPVD" name="swarna.TC_11Test" tests="1" failures="0" timestamp="2021-08-31T15:45:52 EDT" time="1.245" errors="0">
  <testcase name="loginWithInvalidCredentials" time="1.245" classname="swarna.TC_11Test"/>
  <system-out>
Loginpage displayed Successfully entered invalid email id entered invalid passowrd Error message is displayed  </system-out>
</testsuite> <!-- swarna.TC_11Test -->
