<?xml version="1.0" encoding="UTF-8"?>
<!-- Generated by org.testng.reporters.JUnitReportReporter -->
<testsuite skipped="0" hostname="DESKTOP-830DPVD" name="istiyak.TC_06Test" tests="1" failures="0" timestamp="2021-08-30T09:43:40 EDT" time="11.108" errors="0">
  <testcase name="TC_06Test" time="11.108" classname="istiyak.TC_06Test"/>
  <system-out>
Cart page is displayed successfully order is placed successfully with valid shippng adress  </system-out>
</testsuite> <!-- istiyak.TC_06Test -->
